============================================================
Time  2016/06/01 12:58:30 489 
============================================================
[2016/06/01 12:58:30 489] waiter     189  waiter loaded!  
[2016/06/01 12:58:30 490] network    427  update_iplist  
[2016/06/01 12:58:30 490] network    331  gethttpresp3  http://dev.voicecloud.cn:80/ipcfg.txt  standard  
[2016/06/01 12:58:30 490] network    313  gethttpresp  http://dev.voicecloud.cn:80/ipcfg.txt  
[2016/06/01 12:58:30 490] waiter     275  last gc at  1464757110  
[2016/06/01 12:58:30 490] network    427  update_iplist  
[2016/06/01 12:58:30 490] waiter     275  last gc at  1464757110  
[2016/06/01 12:58:30 490] network    208  gethttpresp2  59.107.24.3  1028  
[2016/06/01 12:58:30 520] waiter     275  last gc at  1464757110  
[2016/06/01 12:58:30 520] network    174  dns resp  0  
[2016/06/01 12:58:30 520] network    317  gethttpresp dns ok  59.107.24.3  
[2016/06/01 12:58:30 520] network    208  gethttpresp2  59.107.24.3  80  
[2016/06/01 12:58:30 551] network    233  connected  
[2016/06/01 12:58:30 551] network    233  connected  
[2016/06/01 12:58:30 551] network    236  send ok  93  
[2016/06/01 12:58:30 551] network    236  send ok  94  
[2016/06/01 12:58:30 582] network    239  readable  
[2016/06/01 12:58:30 582] network    927  port1028 http resp  nil  0  udata(e80143b8) 
[2016/06/01 12:58:30 582] network    934  set preferred_port: 1028  
[2016/06/01 12:58:30 582] network    239  readable  
[2016/06/01 12:58:30 582] network    549  update iplist http resp  nil  0  udata(e8017358) 
[2016/06/01 12:58:30 582] network    573  update iplist ok  
[2016/06/01 12:58:30 582] network    595  not encrypted!  
[2016/06/01 12:58:30 583] network    497  dev.voicecloud.cn  
[2016/06/01 12:58:30 583] network    508  bj  
[2016/06/01 12:58:30 583] network    510  bj  
[2016/06/01 12:58:30 583] network    89   iptoenv ,  ipcfg  dev.voicecloud.cn  cm  117.121.56.3  
[2016/06/01 12:58:30 583] network    89   iptoenv ,  ipcfg  dev.voicecloud.cn  ct  116.213.69.201  
[2016/06/01 12:58:30 583] network    89   iptoenv ,  ipcfg  dev.voicecloud.cn  cu  117.121.56.8  
[2016/06/01 12:58:30 583] network    89   iptoenv ,  ipcfg  dev.voicecloud.cn  def  116.213.69.199  
[2016/06/01 12:58:30 584] network    510  gz  
[2016/06/01 12:58:30 584] network    510  hf  
============================================================
Time  2016/06/01 13:27:27 540 
============================================================
[2016/06/01 13:27:27 540] waiter     189  waiter loaded!  
[2016/06/01 13:27:27 540] network    427  update_iplist  
[2016/06/01 13:27:27 541] network    331  gethttpresp3  http://dev.voicecloud.cn:80/ipcfg.txt  standard  
[2016/06/01 13:27:27 541] network    313  gethttpresp  http://dev.voicecloud.cn:80/ipcfg.txt  
[2016/06/01 13:27:27 541] waiter     275  last gc at  1464758847  
[2016/06/01 13:27:27 541] network    427  update_iplist  
[2016/06/01 13:27:27 541] waiter     275  last gc at  1464758847  
[2016/06/01 13:27:27 541] network    208  gethttpresp2  116.213.69.200  1028  
[2016/06/01 13:27:27 570] waiter     275  last gc at  1464758847  
[2016/06/01 13:27:27 570] network    174  dns resp  0  
[2016/06/01 13:27:27 570] network    317  gethttpresp dns ok  116.213.69.200  
[2016/06/01 13:27:27 571] network    208  gethttpresp2  116.213.69.200  80  
[2016/06/01 13:27:27 611] network    233  connected  
[2016/06/01 13:27:27 611] network    233  connected  
[2016/06/01 13:27:27 612] network    236  send ok  93  
[2016/06/01 13:27:27 612] network    236  send ok  94  
[2016/06/01 13:27:27 653] network    239  readable  
[2016/06/01 13:27:27 657] network    927  port1028 http resp  nil  0  udata(74014048) 
[2016/06/01 13:27:27 657] network    934  set preferred_port: 1028  
[2016/06/01 13:27:27 657] network    239  readable  
[2016/06/01 13:27:27 658] network    549  update iplist http resp  nil  0  udata(74014408) 
[2016/06/01 13:27:27 658] network    573  update iplist ok  
[2016/06/01 13:27:27 658] network    595  not encrypted!  
[2016/06/01 13:27:27 660] network    497  dev.voicecloud.cn  
[2016/06/01 13:27:27 660] network    508  bj  
[2016/06/01 13:27:27 660] network    510  bj  
[2016/06/01 13:27:27 660] network    89   iptoenv ,  ipcfg  dev.voicecloud.cn  cm  117.121.56.3  
[2016/06/01 13:27:27 661] network    89   iptoenv ,  ipcfg  dev.voicecloud.cn  ct  116.213.69.201  
[2016/06/01 13:27:27 662] network    89   iptoenv ,  ipcfg  dev.voicecloud.cn  cu  117.121.56.8  
[2016/06/01 13:27:27 663] network    89   iptoenv ,  ipcfg  dev.voicecloud.cn  def  116.213.69.199  
[2016/06/01 13:27:27 664] network    510  gz  
[2016/06/01 13:27:27 665] network    510  hf  
============================================================
Time  2016/06/01 13:37:34 512 
============================================================
[2016/06/01 13:37:34 512] waiter     189  waiter loaded!  
[2016/06/01 13:37:34 512] network    427  update_iplist  
[2016/06/01 13:37:34 512] network    331  gethttpresp3  http://dev.voicecloud.cn:80/ipcfg.txt  standard  
[2016/06/01 13:37:34 512] network    313  gethttpresp  http://dev.voicecloud.cn:80/ipcfg.txt  
[2016/06/01 13:37:34 512] waiter     275  last gc at  1464759454  
[2016/06/01 13:37:34 512] network    427  update_iplist  
[2016/06/01 13:37:34 512] waiter     275  last gc at  1464759454  
[2016/06/01 13:37:34 512] network    208  gethttpresp2  59.107.24.3  1028  
[2016/06/01 13:37:34 542] waiter     275  last gc at  1464759454  
[2016/06/01 13:37:34 543] network    174  dns resp  0  
[2016/06/01 13:37:34 543] network    317  gethttpresp dns ok  59.107.24.3  
[2016/06/01 13:37:34 543] network    208  gethttpresp2  59.107.24.3  80  
[2016/06/01 13:37:34 577] network    233  connected  
[2016/06/01 13:37:34 577] network    236  send ok  93  
[2016/06/01 13:37:34 587] network    233  connected  
[2016/06/01 13:37:34 587] network    236  send ok  94  
[2016/06/01 13:37:34 609] network    239  readable  
[2016/06/01 13:37:34 610] network    927  port1028 http resp  nil  0  udata(98016a98) 
[2016/06/01 13:37:34 610] network    934  set preferred_port: 1028  
[2016/06/01 13:37:34 612] network    427  update_iplist  
[2016/06/01 13:37:34 612] waiter     275  last gc at  1464759454  
[2016/06/01 13:37:34 633] network    239  readable  
[2016/06/01 13:37:34 633] network    549  update iplist http resp  nil  0  udata(98014038) 
[2016/06/01 13:37:34 633] network    573  update iplist ok  
[2016/06/01 13:37:34 634] network    595  not encrypted!  
[2016/06/01 13:37:34 636] network    497  dev.voicecloud.cn  
[2016/06/01 13:37:34 636] network    508  bj  
[2016/06/01 13:37:34 636] network    510  bj  
[2016/06/01 13:37:34 636] network    89   iptoenv ,  ipcfg  dev.voicecloud.cn  cm  117.121.56.3  
[2016/06/01 13:37:34 636] network    89   iptoenv ,  ipcfg  dev.voicecloud.cn  ct  116.213.69.201  
[2016/06/01 13:37:34 638] network    89   iptoenv ,  ipcfg  dev.voicecloud.cn  cu  117.121.56.8  
[2016/06/01 13:37:34 639] network    89   iptoenv ,  ipcfg  dev.voicecloud.cn  def  116.213.69.199  
[2016/06/01 13:37:34 640] network    510  gz  
[2016/06/01 13:37:34 640] network    510  hf  
============================================================
Time  2016/06/01 13:38:09 538 
============================================================
[2016/06/01 13:38:09 538] waiter     189  waiter loaded!  
[2016/06/01 13:38:09 539] network    427  update_iplist  
[2016/06/01 13:38:09 539] network    331  gethttpresp3  http://dev.voicecloud.cn:80/ipcfg.txt  standard  
[2016/06/01 13:38:09 539] network    313  gethttpresp  http://dev.voicecloud.cn:80/ipcfg.txt  
[2016/06/01 13:38:09 539] waiter     275  last gc at  1464759489  
[2016/06/01 13:38:09 539] network    427  update_iplist  
[2016/06/01 13:38:09 539] waiter     275  last gc at  1464759489  
[2016/06/01 13:38:09 539] network    208  gethttpresp2  59.107.24.3  1028  
[2016/06/01 13:38:09 566] waiter     275  last gc at  1464759489  
[2016/06/01 13:38:09 567] network    174  dns resp  0  
[2016/06/01 13:38:09 567] network    317  gethttpresp dns ok  59.107.24.3  
[2016/06/01 13:38:09 567] network    208  gethttpresp2  59.107.24.3  80  
[2016/06/01 13:38:09 599] network    233  connected  
[2016/06/01 13:38:09 600] network    233  connected  
[2016/06/01 13:38:09 601] network    236  send ok  93  
[2016/06/01 13:38:09 603] network    236  send ok  94  
[2016/06/01 13:38:09 631] network    239  readable  
[2016/06/01 13:38:09 631] network    927  port1028 http resp  nil  0  udata(80014348) 
[2016/06/01 13:38:09 631] network    934  set preferred_port: 1028  
[2016/06/01 13:38:09 645] network    239  readable  
[2016/06/01 13:38:09 645] network    549  update iplist http resp  nil  0  udata(80013708) 
[2016/06/01 13:38:09 645] network    573  update iplist ok  
[2016/06/01 13:38:09 645] network    595  not encrypted!  
[2016/06/01 13:38:09 647] network    497  dev.voicecloud.cn  
[2016/06/01 13:38:09 647] network    508  bj  
[2016/06/01 13:38:09 648] network    510  bj  
[2016/06/01 13:38:09 648] network    89   iptoenv ,  ipcfg  dev.voicecloud.cn  cm  117.121.56.3  
[2016/06/01 13:38:09 648] network    89   iptoenv ,  ipcfg  dev.voicecloud.cn  ct  116.213.69.201  
[2016/06/01 13:38:09 649] network    89   iptoenv ,  ipcfg  dev.voicecloud.cn  cu  117.121.56.8  
[2016/06/01 13:38:09 650] network    89   iptoenv ,  ipcfg  dev.voicecloud.cn  def  116.213.69.199  
[2016/06/01 13:38:09 650] network    510  gz  
[2016/06/01 13:38:09 650] network    510  hf  
============================================================
Time  2016/06/01 13:43:40 133 
============================================================
[2016/06/01 13:43:40 133] waiter     189  waiter loaded!  
[2016/06/01 13:43:40 133] network    427  update_iplist  
[2016/06/01 13:43:40 133] network    331  gethttpresp3  http://dev.voicecloud.cn:80/ipcfg.txt  standard  
[2016/06/01 13:43:40 134] network    313  gethttpresp  http://dev.voicecloud.cn:80/ipcfg.txt  
[2016/06/01 13:43:40 134] waiter     275  last gc at  1464759820  
[2016/06/01 13:43:40 134] network    427  update_iplist  
[2016/06/01 13:43:40 134] waiter     275  last gc at  1464759820  
[2016/06/01 13:43:40 134] network    208  gethttpresp2  59.107.24.11  1028  
[2016/06/01 13:43:40 158] waiter     275  last gc at  1464759820  
[2016/06/01 13:43:40 159] network    174  dns resp  0  
[2016/06/01 13:43:40 159] network    317  gethttpresp dns ok  59.107.24.11  
[2016/06/01 13:43:40 159] network    208  gethttpresp2  59.107.24.11  80  
[2016/06/01 13:43:40 193] network    233  connected  
[2016/06/01 13:43:40 194] network    233  connected  
[2016/06/01 13:43:40 195] network    236  send ok  93  
[2016/06/01 13:43:40 195] network    236  send ok  94  
[2016/06/01 13:43:40 216] network    427  update_iplist  
[2016/06/01 13:43:40 216] waiter     275  last gc at  1464759820  
[2016/06/01 13:43:40 228] network    239  readable  
[2016/06/01 13:43:40 229] network    549  update iplist http resp  nil  0  udata(ec0172d8) 
[2016/06/01 13:43:40 229] network    573  update iplist ok  
[2016/06/01 13:43:40 229] network    595  not encrypted!  
[2016/06/01 13:43:40 230] network    497  dev.voicecloud.cn  
[2016/06/01 13:43:40 230] network    508  bj  
[2016/06/01 13:43:40 230] network    510  bj  
[2016/06/01 13:43:40 230] network    89   iptoenv ,  ipcfg  dev.voicecloud.cn  cm  117.121.56.3  
[2016/06/01 13:43:40 230] network    89   iptoenv ,  ipcfg  dev.voicecloud.cn  ct  116.213.69.201  
[2016/06/01 13:43:40 231] network    89   iptoenv ,  ipcfg  dev.voicecloud.cn  cu  117.121.56.8  
[2016/06/01 13:43:40 231] network    89   iptoenv ,  ipcfg  dev.voicecloud.cn  def  116.213.69.199  
[2016/06/01 13:43:40 231] network    510  gz  
[2016/06/01 13:43:40 231] network    510  hf  
[2016/06/01 13:43:40 238] network    239  readable  
[2016/06/01 13:43:40 238] network    927  port1028 http resp  nil  0  udata(ec005368) 
[2016/06/01 13:43:40 238] network    934  set preferred_port: 1028  
============================================================
Time  2016/06/01 13:43:41 050 
============================================================
[2016/06/01 13:43:41 050] waiter     189  waiter loaded!  
[2016/06/01 13:43:41 050] network    427  update_iplist  
[2016/06/01 13:43:41 050] network    331  gethttpresp3  http://dev.voicecloud.cn:80/ipcfg.txt  standard  
[2016/06/01 13:43:41 050] network    313  gethttpresp  http://dev.voicecloud.cn:80/ipcfg.txt  
[2016/06/01 13:43:41 050] waiter     275  last gc at  1464759821  
[2016/06/01 13:43:41 050] network    208  gethttpresp2  59.107.24.11  1028  
[2016/06/01 13:43:41 080] waiter     275  last gc at  1464759821  
[2016/06/01 13:43:41 080] network    427  update_iplist  
[2016/06/01 13:43:41 080] waiter     275  last gc at  1464759821  
[2016/06/01 13:43:41 080] network    174  dns resp  0  
[2016/06/01 13:43:41 080] network    317  gethttpresp dns ok  59.107.24.11  
[2016/06/01 13:43:41 080] network    208  gethttpresp2  59.107.24.11  80  
[2016/06/01 13:43:41 121] network    233  connected  
[2016/06/01 13:43:41 121] network    233  connected  
[2016/06/01 13:43:41 121] network    236  send ok  93  
[2016/06/01 13:43:41 121] network    236  send ok  94  
[2016/06/01 13:43:41 142] network    427  update_iplist  
[2016/06/01 13:43:41 142] waiter     275  last gc at  1464759821  
[2016/06/01 13:43:41 162] network    239  readable  
[2016/06/01 13:43:41 163] network    927  port1028 http resp  nil  0  udata(34014378) 
[2016/06/01 13:43:41 163] network    934  set preferred_port: 1028  
[2016/06/01 13:43:41 163] network    239  readable  
[2016/06/01 13:43:41 163] network    549  update iplist http resp  nil  0  udata(340144b8) 
[2016/06/01 13:43:41 163] network    573  update iplist ok  
[2016/06/01 13:43:41 163] network    595  not encrypted!  
[2016/06/01 13:43:41 163] network    497  dev.voicecloud.cn  
[2016/06/01 13:43:41 163] network    508  bj  
[2016/06/01 13:43:41 163] network    510  bj  
[2016/06/01 13:43:41 163] network    89   iptoenv ,  ipcfg  dev.voicecloud.cn  cm  117.121.56.3  
[2016/06/01 13:43:41 163] network    89   iptoenv ,  ipcfg  dev.voicecloud.cn  ct  116.213.69.201  
[2016/06/01 13:43:41 164] network    89   iptoenv ,  ipcfg  dev.voicecloud.cn  cu  117.121.56.8  
[2016/06/01 13:43:41 164] network    89   iptoenv ,  ipcfg  dev.voicecloud.cn  def  116.213.69.199  
[2016/06/01 13:43:41 164] network    510  gz  
[2016/06/01 13:43:41 164] network    510  hf  
